# JRE version: OpenJDK Runtime Environment Microsoft-8035246 (17.0.8+7) (build 17.0.8+7-LTS)
# Java VM: OpenJDK 64-Bit Server VM Microsoft-8035246 (17.0.8+7-LTS, mixed mode, sharing, tiered, compressed oops, compressed class ptrs, g1 gc, windows-amd64)
GC Precious Log:
 CPUs: 4 total, 4 available
 Memory: 4019M
 Large Page Support: Disabled
 NUMA Support: Disabled
 Compressed Oops: Enabled (32-bit)
 Heap Region Size: 1M
 Heap Min Capacity: 8M
 Heap Initial Capacity: 64M
 Heap Max Capacity: 2G
 Pre-touch: Disabled
 Parallel Workers: 4
 Concurrent Workers: 1
 Concurrent Refinement Workers: 4
 Periodic GC: Disabled
Heap:
 garbage-first heap   total 387072K, used 300030K [0x0000000080000000, 0x0000000100000000)
  region size 1024K, 117 young (119808K), 13 survivors (13312K)
 Metaspace       used 107566K, committed 108864K, reserved 557056K
  class space    used 14860K, committed 15488K, reserved 425984K
GC Heap History (20 events):
Event: 42.330 GC heap before
{Heap before GC invocations=43 (full 0):
 garbage-first heap   total 280576K, used 212984K [0x0000000080000000, 0x0000000100000000)
  region size 1024K, 130 young (133120K), 13 survivors (13312K)
 Metaspace       used 90508K, committed 91328K, reserved 557056K
  class space    used 12653K, committed 13056K, reserved 425984K
}
Event: 42.369 GC heap after
{Heap after GC invocations=44 (full 0):
 garbage-first heap   total 280576K, used 103914K [0x0000000080000000, 0x0000000100000000)
  region size 1024K, 17 young (17408K), 17 survivors (17408K)
 Metaspace       used 90508K, committed 91328K, reserved 557056K
  class space    used 12653K, committed 13056K, reserved 425984K
}
Event: 44.849 GC heap before
{Heap before GC invocations=44 (full 0):
 garbage-first heap   total 280576K, used 222698K [0x0000000080000000, 0x0000000100000000)
  region size 1024K, 127 young (130048K), 17 survivors (17408K)
 Metaspace       used 93931K, committed 94912K, reserved 557056K
  class space    used 13118K, committed 13568K, reserved 425984K
}
Event: 44.896 GC heap after
{Heap after GC invocations=45 (full 0):
 garbage-first heap   total 280576K, used 130740K [0x0000000080000000, 0x0000000100000000)
  region size 1024K, 16 young (16384K), 16 survivors (16384K)
 Metaspace       used 93931K, committed 94912K, reserved 557056K
  class space    used 13118K, committed 13568K, reserved 425984K
}
Event: 46.295 GC heap before
{Heap before GC invocations=45 (full 0):
 garbage-first heap   total 280576K, used 217780K [0x0000000080000000, 0x0000000100000000)
  region size 1024K, 101 young (103424K), 16 survivors (16384K)
 Metaspace       used 97823K, committed 98880K, reserved 557056K
  class space    used 13693K, committed 14208K, reserved 425984K
}
Event: 46.324 GC heap after
{Heap after GC invocations=46 (full 0):
 garbage-first heap   total 280576K, used 139264K [0x0000000080000000, 0x0000000100000000)
  region size 1024K, 8 young (8192K), 8 survivors (8192K)
 Metaspace       used 97823K, committed 98880K, reserved 557056K
  class space    used 13693K, committed 14208K, reserved 425984K
}
Event: 47.171 GC heap before
{Heap before GC invocations=46 (full 0):
 garbage-first heap   total 280576K, used 222208K [0x0000000080000000, 0x0000000100000000)
  region size 1024K, 89 young (91136K), 8 survivors (8192K)
 Metaspace       used 98126K, committed 99136K, reserved 557056K
  class space    used 13724K, committed 14208K, reserved 425984K
}
Event: 47.204 GC heap after
{Heap after GC invocations=47 (full 0):
 garbage-first heap   total 280576K, used 152064K [0x0000000080000000, 0x0000000100000000)
  region size 1024K, 12 young (12288K), 12 survivors (12288K)
 Metaspace       used 98126K, committed 99136K, reserved 557056K
  class space    used 13724K, committed 14208K, reserved 425984K
}
Event: 49.090 GC heap before
{Heap before GC invocations=48 (full 0):
 garbage-first heap   total 280576K, used 226816K [0x0000000080000000, 0x0000000100000000)
  region size 1024K, 82 young (83968K), 12 survivors (12288K)
 Metaspace       used 98835K, committed 99904K, reserved 557056K
  class space    used 13812K, committed 14336K, reserved 425984K
}
Event: 49.130 GC heap after
{Heap after GC invocations=49 (full 0):
 garbage-first heap   total 280576K, used 171892K [0x0000000080000000, 0x0000000100000000)
  region size 1024K, 11 young (11264K), 11 survivors (11264K)
 Metaspace       used 98835K, committed 99904K, reserved 557056K
  class space    used 13812K, committed 14336K, reserved 425984K
}
Event: 49.168 GC heap before
{Heap before GC invocations=49 (full 0):
 garbage-first heap   total 280576K, used 173940K [0x0000000080000000, 0x0000000100000000)
  region size 1024K, 13 young (13312K), 11 survivors (11264K)
 Metaspace       used 98889K, committed 100096K, reserved 557056K
  class space    used 13821K, committed 14400K, reserved 425984K
}
Event: 49.194 GC heap after
{Heap after GC invocations=50 (full 0):
 garbage-first heap   total 280576K, used 174080K [0x0000000080000000, 0x0000000100000000)
  region size 1024K, 2 young (2048K), 2 survivors (2048K)
 Metaspace       used 98889K, committed 100096K, reserved 557056K
  class space    used 13821K, committed 14400K, reserved 425984K
}
Event: 50.178 GC heap before
{Heap before GC invocations=50 (full 0):
 garbage-first heap   total 280576K, used 225280K [0x0000000080000000, 0x0000000100000000)
  region size 1024K, 52 young (53248K), 2 survivors (2048K)
 Metaspace       used 102092K, committed 103232K, reserved 557056K
  class space    used 14298K, committed 14848K, reserved 425984K
}
Event: 50.193 GC heap after
{Heap after GC invocations=51 (full 0):
 garbage-first heap   total 280576K, used 177152K [0x0000000080000000, 0x0000000100000000)
  region size 1024K, 5 young (5120K), 5 survivors (5120K)
 Metaspace       used 102092K, committed 103232K, reserved 557056K
  class space    used 14298K, committed 14848K, reserved 425984K
}
Event: 51.645 GC heap before
{Heap before GC invocations=52 (full 0):
 garbage-first heap   total 322560K, used 225280K [0x0000000080000000, 0x0000000100000000)
  region size 1024K, 52 young (53248K), 5 survivors (5120K)
 Metaspace       used 103713K, committed 104960K, reserved 557056K
  class space    used 14485K, committed 15104K, reserved 425984K
}
Event: 51.677 GC heap after
{Heap after GC invocations=53 (full 0):
 garbage-first heap   total 322560K, used 184158K [0x0000000080000000, 0x0000000100000000)
  region size 1024K, 7 young (7168K), 7 survivors (7168K)
 Metaspace       used 103713K, committed 104960K, reserved 557056K
  class space    used 14485K, committed 15104K, reserved 425984K
}
Event: 51.819 GC heap before
{Heap before GC invocations=53 (full 0):
 garbage-first heap   total 322560K, used 192350K [0x0000000080000000, 0x0000000100000000)
  region size 1024K, 15 young (15360K), 7 survivors (7168K)
 Metaspace       used 103810K, committed 105088K, reserved 557056K
  class space    used 14493K, committed 15104K, reserved 425984K
}
Event: 51.842 GC heap after
{Heap after GC invocations=54 (full 0):
 garbage-first heap   total 387072K, used 183904K [0x0000000080000000, 0x0000000100000000)
  region size 1024K, 1 young (1024K), 1 survivors (1024K)
 Metaspace       used 103810K, committed 105088K, reserved 557056K
  class space    used 14493K, committed 15104K, reserved 425984K
}
Event: 54.178 GC heap before
{Heap before GC invocations=54 (full 0):
 garbage-first heap   total 387072K, used 305760K [0x0000000080000000, 0x0000000100000000)
  region size 1024K, 116 young (118784K), 1 survivors (1024K)
 Metaspace       used 106687K, committed 107904K, reserved 557056K
  class space    used 14757K, committed 15360K, reserved 425984K
}
Event: 54.209 GC heap after
{Heap after GC invocations=55 (full 0):
 garbage-first heap   total 387072K, used 195582K [0x0000000080000000, 0x0000000100000000)
  region size 1024K, 13 young (13312K), 13 survivors (13312K)
 Metaspace       used 106687K, committed 107904K, reserved 557056K
  class space    used 14757K, committed 15360K, reserved 425984K
}

